[debug] [2024-09-23T09:05:33.953Z] : 
[debug] [2024-09-23T09:05:33.954Z] : ----------------------------------------------------------------------
[debug] [2024-09-23T09:05:33.954Z] : Command:      /usr/local/bin/node /usr/local/bin/catalyst serve
[debug] [2024-09-23T09:05:33.954Z] : CLI Version:  1.17.6
[debug] [2024-09-23T09:05:33.955Z] : Platform:     darwin
[debug] [2024-09-23T09:05:33.955Z] : Node Version: v20.16.0
[debug] [2024-09-23T09:05:33.955Z] : Time:         Mon Sep 23 2024 14:35:33 GMT+0530 (India Standard Time)
[debug] [2024-09-23T09:05:33.955Z] : ----------------------------------------------------------------------
[debug] [2024-09-23T09:05:33.955Z] : 
[debug] [2024-09-23T09:05:34.271Z] : > authorizing via signed-in user option
[debug] [2024-09-23T09:05:34.272Z] : > command requires scopes: ["ZohoCatalyst.projects.ALL","ZohoCatalyst.functions.ALL","ZohoCatalyst.functions.EXECUTE","ZohoCatalyst.webapp.ALL","ZohoCatalyst.pdfshot.execute","ZohoCatalyst.authentication.CREATE"]
[debug] [2024-09-23T09:05:34.276Z] : >>>> HTTP REQUEST : GET https://api.catalyst.zoho.com/baas/v1/project/26130000000010001 

[debug] [2024-09-23T09:05:35.168Z] : <<<< HTTP RESPONSE : 200
Response Headers: {"server":"ZGS","date":"Mon, 23 Sep 2024 09:05:37 GMT","content-type":"application/vnd.catalyst.v2+json","transfer-encoding":"chunked","connection":"keep-alive","set-cookie":["zalb_46512fd555=c3d5ec374d3dc932973a3d50f55d8d00; Path=/; Secure; HttpOnly","ZD_CSRF_TOKEN=2179d4b7-8e4b-4645-a91e-b2719be1e06e;path=/;SameSite=None;Secure;priority=high","_zcsr_tmp=2179d4b7-8e4b-4645-a91e-b2719be1e06e;path=/;SameSite=Strict;Secure;priority=high"],"x-content-type-options":"nosniff","x-xss-protection":"1","cache-control":"private,no-cache,no-store,max-age=0,must-revalidate","pragma":"no-cache","expires":"Thu, 01 Jan 1970 00:00:00 GMT","x-frame-options":"DENY","strict-transport-security":"max-age=63072000"}

[debug] [2024-09-23T09:05:35.173Z] : >>>> HTTP REQUEST : GET https://api.catalyst.zoho.com/baas/v1/project/26130000000010001/environment 

[debug] [2024-09-23T09:05:35.565Z] : <<<< HTTP RESPONSE : 200
Response Headers: {"server":"ZGS","date":"Mon, 23 Sep 2024 09:05:37 GMT","content-type":"application/vnd.catalyst.v2+json","transfer-encoding":"chunked","connection":"keep-alive","set-cookie":["zalb_46512fd555=bbdfb771565421abbe10f7a180903d28; Path=/; Secure; HttpOnly","ZD_CSRF_TOKEN=5cba4a59-b74b-4185-9f88-dd4cf8e7f0c2;path=/;SameSite=None;Secure;priority=high","_zcsr_tmp=5cba4a59-b74b-4185-9f88-dd4cf8e7f0c2;path=/;SameSite=Strict;Secure;priority=high"],"x-content-type-options":"nosniff","x-xss-protection":"1","cache-control":"private,no-cache,no-store,max-age=0,must-revalidate","pragma":"no-cache","expires":"Thu, 01 Jan 1970 00:00:00 GMT","x-frame-options":"DENY","strict-transport-security":"max-age=63072000"}

[debug] [2024-09-23T09:05:35.653Z] : http port : '3000' is not available. Hence port '3001' will be used instead.
[debug] [2024-09-23T09:05:35.654Z] : No basic functions to add
[info] [2024-09-23T09:05:35.771Z] : 
[info] [2024-09-23T09:05:35.771Z] :  >>>>>>>>>>>>>> AppSail <<<<<<<<<<<<<< 
[info] [2024-09-23T09:05:35.771Z] : ℹ app: http://localhost:3001
[info] [2024-09-23T09:05:35.771Z] : 
